{
  "stats": {
    "suites": 9,
    "tests": 9,
    "passes": 9,
    "pending": 0,
    "failures": 0,
    "start": "2022-11-27T23:50:56.203Z",
    "end": "2022-11-27T23:50:56.487Z",
    "duration": 284,
    "testsRegistered": 9,
    "passPercent": 100,
    "pendingPercent": 0,
    "other": 0,
    "hasOther": false,
    "skipped": 0,
    "hasSkipped": false
  },
  "results": [
    {
      "uuid": "38d34110-2a10-471b-b812-86f82cc6249e",
      "title": "",
      "fullFile": "",
      "file": "",
      "beforeHooks": [],
      "afterHooks": [
        {
          "title": "\"after all\" hook in \"{root}\"",
          "fullTitle": "\"after all\" hook in \"{root}\"",
          "timedOut": false,
          "duration": 1,
          "state": null,
          "speed": null,
          "pass": false,
          "fail": false,
          "pending": false,
          "context": null,
          "code": "done();",
          "err": {},
          "uuid": "f2d5d9e4-19f5-4b98-8df3-65cb53f85d8b",
          "parentUUID": "38d34110-2a10-471b-b812-86f82cc6249e",
          "isHook": true,
          "skipped": false
        }
      ],
      "tests": [],
      "suites": [
        {
          "uuid": "515e17b7-9740-422f-b80a-0b43d31336ef",
          "title": "POST /api/mekanlar",
          "fullFile": "C:\\Users\\Excalibur\\Desktop\\mekanbul\\test.js",
          "file": "\\test.js",
          "beforeHooks": [],
          "afterHooks": [],
          "tests": [
            {
              "title": "Yeni mekan ekle:",
              "fullTitle": "POST /api/mekanlar Yeni mekan ekle:",
              "timedOut": false,
              "duration": 87,
              "state": "passed",
              "speed": "slow",
              "pass": true,
              "fail": false,
              "pending": false,
              "context": null,
              "code": "const response = await request.post(\"/api/mekanlar\").send({\n    ad: \"Starbucks\",\n    adres: \"Centrum Garden\",\n    puan: 5,\n    imkanlar: \"çay,kahve,pasta\",\n    enlem: 37.83226584629666,\n    boylam: 30.524732239878013,\n    gunler1: \"Pazartesi-Cuma\",\n    acilis1: \"9:00\",\n    kapanis1: \"23:00\",\n    kapali1: false,\n    gunler2: \"Cumartesi-Pazar\",\n    acilis2: \"11:00\",\n    kapanis2: \"17:00\",\n    kapali2: false,\n});\nexpect(response.status).to.eql(201);\nprocess.env.mekanid = response.body._id;",
              "err": {},
              "uuid": "3044951b-c01c-44b7-9cf6-4a5de3410e42",
              "parentUUID": "515e17b7-9740-422f-b80a-0b43d31336ef",
              "isHook": false,
              "skipped": false
            }
          ],
          "suites": [],
          "passes": [
            "3044951b-c01c-44b7-9cf6-4a5de3410e42"
          ],
          "failures": [],
          "pending": [],
          "skipped": [],
          "duration": 87,
          "root": false,
          "rootEmpty": false,
          "_timeout": 10000
        },
        {
          "uuid": "ee451d3a-7115-486c-8123-8aa801322a43",
          "title": "GET /api/mekanlar",
          "fullFile": "C:\\Users\\Excalibur\\Desktop\\mekanbul\\test.js",
          "file": "\\test.js",
          "beforeHooks": [],
          "afterHooks": [],
          "tests": [
            {
              "title": "Girilen konum civarındaki tüm mekanları listele:",
              "fullTitle": "GET /api/mekanlar Girilen konum civarındaki tüm mekanları listele:",
              "timedOut": false,
              "duration": 15,
              "state": "passed",
              "speed": "fast",
              "pass": true,
              "fail": false,
              "pending": false,
              "context": null,
              "code": "const response = await request.get(\"/api/mekanlar?enlem=37&boylam=35\");\nexpect(response.status).to.eql(200);",
              "err": {},
              "uuid": "85745a15-916b-4ab8-bf78-2c60d529a8da",
              "parentUUID": "ee451d3a-7115-486c-8123-8aa801322a43",
              "isHook": false,
              "skipped": false
            }
          ],
          "suites": [],
          "passes": [
            "85745a15-916b-4ab8-bf78-2c60d529a8da"
          ],
          "failures": [],
          "pending": [],
          "skipped": [],
          "duration": 15,
          "root": false,
          "rootEmpty": false,
          "_timeout": 10000
        },
        {
          "uuid": "3992c7a5-7ee7-49d5-b38b-c3568bb4e495",
          "title": "GET /api/mekanlar/:mekanid",
          "fullFile": "C:\\Users\\Excalibur\\Desktop\\mekanbul\\test.js",
          "file": "\\test.js",
          "beforeHooks": [],
          "afterHooks": [],
          "tests": [
            {
              "title": "Mekan getir:",
              "fullTitle": "GET /api/mekanlar/:mekanid Mekan getir:",
              "timedOut": false,
              "duration": 28,
              "state": "passed",
              "speed": "fast",
              "pass": true,
              "fail": false,
              "pending": false,
              "context": null,
              "code": "const response = await request.get(`/api/mekanlar/${process.env.mekanid}`);\nexpect(response.status).to.eql(200);",
              "err": {},
              "uuid": "09b2de44-e629-43e9-a0e5-06517381b615",
              "parentUUID": "3992c7a5-7ee7-49d5-b38b-c3568bb4e495",
              "isHook": false,
              "skipped": false
            }
          ],
          "suites": [],
          "passes": [
            "09b2de44-e629-43e9-a0e5-06517381b615"
          ],
          "failures": [],
          "pending": [],
          "skipped": [],
          "duration": 28,
          "root": false,
          "rootEmpty": false,
          "_timeout": 10000
        },
        {
          "uuid": "383cba99-1c75-4c4d-9d45-fe0a8a37c4c0",
          "title": "PUT /api/mekanlar/:mekanid",
          "fullFile": "C:\\Users\\Excalibur\\Desktop\\mekanbul\\test.js",
          "file": "\\test.js",
          "beforeHooks": [],
          "afterHooks": [],
          "tests": [
            {
              "title": "Mekan Güncelle:",
              "fullTitle": "PUT /api/mekanlar/:mekanid Mekan Güncelle:",
              "timedOut": false,
              "duration": 29,
              "state": "passed",
              "speed": "fast",
              "pass": true,
              "fail": false,
              "pending": false,
              "context": null,
              "code": "const response = await request\n    .put(`/api/mekanlar/${process.env.mekanid}`)\n    .send({\n        ad: \"Starbucks SDÜ\",\n        adres: \"SDÜ Doğu Kampüsü\",\n        puan: 3,\n        imkanlar: \"çay,kahve,pasta,refresher\",\n        enlem: 37.8,\n        boylam: 30.5,\n        gunler1: \"Pazartesi-Cuma\",\n        acilis1: \"9:10\",\n        kapanis1: \"23:10\",\n        kapali1: true,\n        gunler2: \"Cumartesi-Pazar\",\n        acilis2: \"11:10\",\n        kapanis2: \"17:10\",\n        kapali2: true,\n    });\nexpect(response.status).to.eql(200);",
              "err": {},
              "uuid": "42e296a1-86b8-46bd-9f81-c7055198bbce",
              "parentUUID": "383cba99-1c75-4c4d-9d45-fe0a8a37c4c0",
              "isHook": false,
              "skipped": false
            }
          ],
          "suites": [],
          "passes": [
            "42e296a1-86b8-46bd-9f81-c7055198bbce"
          ],
          "failures": [],
          "pending": [],
          "skipped": [],
          "duration": 29,
          "root": false,
          "rootEmpty": false,
          "_timeout": 10000
        },
        {
          "uuid": "3ecb2543-1f5e-4d37-8a74-88bb2cb5886d",
          "title": "POST /api/mekanlar/:mekanid/yorumlar",
          "fullFile": "C:\\Users\\Excalibur\\Desktop\\mekanbul\\test.js",
          "file": "\\test.js",
          "beforeHooks": [],
          "afterHooks": [],
          "tests": [
            {
              "title": "Yorum ekle:",
              "fullTitle": "POST /api/mekanlar/:mekanid/yorumlar Yorum ekle:",
              "timedOut": false,
              "duration": 19,
              "state": "passed",
              "speed": "fast",
              "pass": true,
              "fail": false,
              "pending": false,
              "context": null,
              "code": "const response = await request\n    .post(`/api/mekanlar/${process.env.mekanid}/yorumlar`)\n    .send({\n        yorumYapan: \"ASY\",\n        puan: 5,\n        yorumMetni: \"Kahveler harika\",\n    });\nprocess.env.yorumid = response.body._id;\nexpect(response.status).to.eql(201);",
              "err": {},
              "uuid": "f2e28326-04ae-4d7c-99b4-900613b7e831",
              "parentUUID": "3ecb2543-1f5e-4d37-8a74-88bb2cb5886d",
              "isHook": false,
              "skipped": false
            }
          ],
          "suites": [],
          "passes": [
            "f2e28326-04ae-4d7c-99b4-900613b7e831"
          ],
          "failures": [],
          "pending": [],
          "skipped": [],
          "duration": 19,
          "root": false,
          "rootEmpty": false,
          "_timeout": 10000
        },
        {
          "uuid": "efcf761f-f3a4-4375-8854-eb678be686e7",
          "title": "GET /api/mekanlar/:mekanid/yorumlar/:yorumid",
          "fullFile": "C:\\Users\\Excalibur\\Desktop\\mekanbul\\test.js",
          "file": "\\test.js",
          "beforeHooks": [],
          "afterHooks": [],
          "tests": [
            {
              "title": "Yorum getir:",
              "fullTitle": "GET /api/mekanlar/:mekanid/yorumlar/:yorumid Yorum getir:",
              "timedOut": false,
              "duration": 22,
              "state": "passed",
              "speed": "fast",
              "pass": true,
              "fail": false,
              "pending": false,
              "context": null,
              "code": "const response = await request.get(\n    `/api/mekanlar/${process.env.mekanid}/yorumlar/${process.env.yorumid}`\n);\nexpect(response.status).to.eql(200);",
              "err": {},
              "uuid": "53a57300-967d-4d5e-9477-984153511be5",
              "parentUUID": "efcf761f-f3a4-4375-8854-eb678be686e7",
              "isHook": false,
              "skipped": false
            }
          ],
          "suites": [],
          "passes": [
            "53a57300-967d-4d5e-9477-984153511be5"
          ],
          "failures": [],
          "pending": [],
          "skipped": [],
          "duration": 22,
          "root": false,
          "rootEmpty": false,
          "_timeout": 10000
        },
        {
          "uuid": "c0712173-f144-4c23-bc5e-3631538d9bc8",
          "title": "PUT /api/mekanlar/:mekanid/yorumlar/:yorumid",
          "fullFile": "C:\\Users\\Excalibur\\Desktop\\mekanbul\\test.js",
          "file": "\\test.js",
          "beforeHooks": [],
          "afterHooks": [],
          "tests": [
            {
              "title": "Yorum güncelle:",
              "fullTitle": "PUT /api/mekanlar/:mekanid/yorumlar/:yorumid Yorum güncelle:",
              "timedOut": false,
              "duration": 18,
              "state": "passed",
              "speed": "fast",
              "pass": true,
              "fail": false,
              "pending": false,
              "context": null,
              "code": "const response = await request\n    .put(\n        `/api/mekanlar/${process.env.mekanid}/yorumlar/${process.env.yorumid}`\n    )\n    .send({\n        yorumYapan: \"Sinan\",\n        puan: 4,\n        yorumMetni: \"Kahveler harikaaaa\",\n    });\nexpect(response.status).to.eql(200);",
              "err": {},
              "uuid": "eddd6844-e86c-4d8f-87e1-5f769e474305",
              "parentUUID": "c0712173-f144-4c23-bc5e-3631538d9bc8",
              "isHook": false,
              "skipped": false
            }
          ],
          "suites": [],
          "passes": [
            "eddd6844-e86c-4d8f-87e1-5f769e474305"
          ],
          "failures": [],
          "pending": [],
          "skipped": [],
          "duration": 18,
          "root": false,
          "rootEmpty": false,
          "_timeout": 10000
        },
        {
          "uuid": "2f415b9d-4705-4758-9adb-d3b762765c43",
          "title": "DELETE /api/mekanlar/:mekanid/yorumlar/:yorumid",
          "fullFile": "C:\\Users\\Excalibur\\Desktop\\mekanbul\\test.js",
          "file": "\\test.js",
          "beforeHooks": [],
          "afterHooks": [],
          "tests": [
            {
              "title": "Yorum sil:",
              "fullTitle": "DELETE /api/mekanlar/:mekanid/yorumlar/:yorumid Yorum sil:",
              "timedOut": false,
              "duration": 25,
              "state": "passed",
              "speed": "fast",
              "pass": true,
              "fail": false,
              "pending": false,
              "context": null,
              "code": "const response = await request.delete(\n    `/api/mekanlar/${process.env.mekanid}/yorumlar/${process.env.yorumid}`\n);\nexpect(response.status).to.eql(200);",
              "err": {},
              "uuid": "57ab7c3c-7a5c-4396-8b3d-8d62e9148e8b",
              "parentUUID": "2f415b9d-4705-4758-9adb-d3b762765c43",
              "isHook": false,
              "skipped": false
            }
          ],
          "suites": [],
          "passes": [
            "57ab7c3c-7a5c-4396-8b3d-8d62e9148e8b"
          ],
          "failures": [],
          "pending": [],
          "skipped": [],
          "duration": 25,
          "root": false,
          "rootEmpty": false,
          "_timeout": 10000
        },
        {
          "uuid": "d2c6e6ec-dbf0-45e7-aeb9-bdd46cd8301e",
          "title": "DELETE /api/mekanlar/:mekanid",
          "fullFile": "C:\\Users\\Excalibur\\Desktop\\mekanbul\\test.js",
          "file": "\\test.js",
          "beforeHooks": [],
          "afterHooks": [],
          "tests": [
            {
              "title": "Mekan sil:",
              "fullTitle": "DELETE /api/mekanlar/:mekanid Mekan sil:",
              "timedOut": false,
              "duration": 12,
              "state": "passed",
              "speed": "fast",
              "pass": true,
              "fail": false,
              "pending": false,
              "context": null,
              "code": "const response = await request.delete(\n    `/api/mekanlar/${process.env.mekanid}`\n);\nexpect(response.status).to.eql(200);",
              "err": {},
              "uuid": "e8d5b1d2-b99b-4de2-9eed-32a4fa4786c6",
              "parentUUID": "d2c6e6ec-dbf0-45e7-aeb9-bdd46cd8301e",
              "isHook": false,
              "skipped": false
            }
          ],
          "suites": [],
          "passes": [
            "e8d5b1d2-b99b-4de2-9eed-32a4fa4786c6"
          ],
          "failures": [],
          "pending": [],
          "skipped": [],
          "duration": 12,
          "root": false,
          "rootEmpty": false,
          "_timeout": 10000
        }
      ],
      "passes": [],
      "failures": [],
      "pending": [],
      "skipped": [],
      "duration": 0,
      "root": true,
      "rootEmpty": true,
      "_timeout": 10000
    }
  ],
  "meta": {
    "mocha": {
      "version": "10.1.0"
    },
    "mochawesome": {
      "options": {
        "quiet": false,
        "reportFilename": "mochawesome",
        "saveHtml": true,
        "saveJson": true,
        "consoleReporter": "spec",
        "useInlineDiffs": false,
        "code": true
      },
      "version": "7.1.3"
    },
    "marge": {
      "options": null,
      "version": "6.2.0"
    }
  }
}